<?xml version="1.0" encoding="UTF-8"?>
<testng-results ignored="0" total="1" passed="1" failed="0" skipped="0">
  <reporter-output>
  </reporter-output>
  <suite started-at="2022-10-11T18:15:38 IST" name="Default suite" finished-at="2022-10-11T18:15:41 IST" duration-ms="3579">
    <groups>
    </groups>
    <test started-at="2022-10-11T18:15:38 IST" name="Default test" finished-at="2022-10-11T18:15:41 IST" duration-ms="3579">
      <class name="TC2_POST_REQUEST">
        <test-method signature="createNewUser()[pri:0, instance:TC2_POST_REQUEST@15c43bd9]" started-at="2022-10-11T18:15:38 IST" name="createNewUser" finished-at="2022-10-11T18:15:41 IST" duration-ms="3536" status="PASS">
          <reporter-output>
          </reporter-output>
        </test-method> <!-- createNewUser -->
      </class> <!-- TC2_POST_REQUEST -->
    </test> <!-- Default test -->
  </suite> <!-- Default suite -->
</testng-results>
